# JRE version: OpenJDK Runtime Environment Temurin-17.0.10+7 (17.0.10+7) (build 17.0.10+7)
# Java VM: OpenJDK 64-Bit Server VM Temurin-17.0.10+7 (17.0.10+7, mixed mode, sharing, tiered, compressed oops, compressed class ptrs, g1 gc, windows-amd64)
GC Precious Log:
 CPUs: 4 total, 4 available
 Memory: 8101M
 Large Page Support: Disabled
 NUMA Support: Disabled
 Compressed Oops: Enabled (32-bit)
 Heap Region Size: 1M
 Heap Min Capacity: 8M
 Heap Initial Capacity: 128M
 Heap Max Capacity: 2026M
 Pre-touch: Disabled
 Parallel Workers: 4
 Concurrent Workers: 1
 Concurrent Refinement Workers: 4
 Periodic GC: Disabled
Heap:
 garbage-first heap   total 236544K, used 111201K [0x0000000081600000, 0x0000000100000000)
  region size 1024K, 15 young (15360K), 14 survivors (14336K)
 Metaspace       used 46926K, committed 48256K, reserved 1114112K
  class space    used 5928K, committed 6528K, reserved 1048576K
GC Heap History (20 events):
Event: 14.286 GC heap before
{Heap before GC invocations=15 (full 0):
 garbage-first heap   total 158720K, used 119660K [0x0000000081600000, 0x0000000100000000)
  region size 1024K, 58 young (59392K), 7 survivors (7168K)
 Metaspace       used 26575K, committed 27328K, reserved 1114112K
  class space    used 3166K, committed 3520K, reserved 1048576K
}
Event: 14.306 GC heap after
{Heap after GC invocations=16 (full 0):
 garbage-first heap   total 158720K, used 73956K [0x0000000081600000, 0x0000000100000000)
  region size 1024K, 8 young (8192K), 8 survivors (8192K)
 Metaspace       used 26575K, committed 27328K, reserved 1114112K
  class space    used 3166K, committed 3520K, reserved 1048576K
}
Event: 14.693 GC heap before
{Heap before GC invocations=16 (full 0):
 garbage-first heap   total 158720K, used 121060K [0x0000000081600000, 0x0000000100000000)
  region size 1024K, 54 young (55296K), 8 survivors (8192K)
 Metaspace       used 28209K, committed 29056K, reserved 1114112K
  class space    used 3342K, committed 3712K, reserved 1048576K
}
Event: 14.705 GC heap after
{Heap after GC invocations=17 (full 0):
 garbage-first heap   total 158720K, used 75101K [0x0000000081600000, 0x0000000100000000)
  region size 1024K, 2 young (2048K), 2 survivors (2048K)
 Metaspace       used 28209K, committed 29056K, reserved 1114112K
  class space    used 3342K, committed 3712K, reserved 1048576K
}
Event: 15.235 GC heap before
{Heap before GC invocations=17 (full 0):
 garbage-first heap   total 158720K, used 124253K [0x0000000081600000, 0x0000000100000000)
  region size 1024K, 50 young (51200K), 2 survivors (2048K)
 Metaspace       used 29580K, committed 30400K, reserved 1114112K
  class space    used 3485K, committed 3840K, reserved 1048576K
}
Event: 15.239 GC heap after
{Heap after GC invocations=18 (full 0):
 garbage-first heap   total 158720K, used 75068K [0x0000000081600000, 0x0000000100000000)
  region size 1024K, 2 young (2048K), 2 survivors (2048K)
 Metaspace       used 29580K, committed 30400K, reserved 1114112K
  class space    used 3485K, committed 3840K, reserved 1048576K
}
Event: 15.727 GC heap before
{Heap before GC invocations=19 (full 0):
 garbage-first heap   total 158720K, used 126268K [0x0000000081600000, 0x0000000100000000)
  region size 1024K, 52 young (53248K), 2 survivors (2048K)
 Metaspace       used 29617K, committed 30528K, reserved 1114112K
  class space    used 3488K, committed 3904K, reserved 1048576K
}
Event: 15.732 GC heap after
{Heap after GC invocations=20 (full 0):
 garbage-first heap   total 158720K, used 75530K [0x0000000081600000, 0x0000000100000000)
  region size 1024K, 2 young (2048K), 2 survivors (2048K)
 Metaspace       used 29617K, committed 30528K, reserved 1114112K
  class space    used 3488K, committed 3904K, reserved 1048576K
}
Event: 16.223 GC heap before
{Heap before GC invocations=20 (full 0):
 garbage-first heap   total 158720K, used 128778K [0x0000000081600000, 0x0000000100000000)
  region size 1024K, 54 young (55296K), 2 survivors (2048K)
 Metaspace       used 30164K, committed 31168K, reserved 1114112K
  class space    used 3573K, committed 4032K, reserved 1048576K
}
Event: 16.232 GC heap after
{Heap after GC invocations=21 (full 0):
 garbage-first heap   total 196608K, used 76461K [0x0000000081600000, 0x0000000100000000)
  region size 1024K, 3 young (3072K), 3 survivors (3072K)
 Metaspace       used 30164K, committed 31168K, reserved 1114112K
  class space    used 3573K, committed 4032K, reserved 1048576K
}
Event: 16.831 GC heap before
{Heap before GC invocations=22 (full 0):
 garbage-first heap   total 196608K, used 160429K [0x0000000081600000, 0x0000000100000000)
  region size 1024K, 83 young (84992K), 3 survivors (3072K)
 Metaspace       used 30217K, committed 31232K, reserved 1114112K
  class space    used 3579K, committed 4032K, reserved 1048576K
}
Event: 16.838 GC heap after
{Heap after GC invocations=23 (full 0):
 garbage-first heap   total 196608K, used 78096K [0x0000000081600000, 0x0000000100000000)
  region size 1024K, 5 young (5120K), 5 survivors (5120K)
 Metaspace       used 30217K, committed 31232K, reserved 1114112K
  class space    used 3579K, committed 4032K, reserved 1048576K
}
Event: 17.077 GC heap before
{Heap before GC invocations=23 (full 0):
 garbage-first heap   total 196608K, used 162064K [0x0000000081600000, 0x0000000100000000)
  region size 1024K, 87 young (89088K), 5 survivors (5120K)
 Metaspace       used 30237K, committed 31232K, reserved 1114112K
  class space    used 3583K, committed 4032K, reserved 1048576K
}
Event: 17.086 GC heap after
{Heap after GC invocations=24 (full 0):
 garbage-first heap   total 196608K, used 77729K [0x0000000081600000, 0x0000000100000000)
  region size 1024K, 4 young (4096K), 4 survivors (4096K)
 Metaspace       used 30237K, committed 31232K, reserved 1114112K
  class space    used 3583K, committed 4032K, reserved 1048576K
}
Event: 17.371 GC heap before
{Heap before GC invocations=24 (full 0):
 garbage-first heap   total 196608K, used 164769K [0x0000000081600000, 0x0000000100000000)
  region size 1024K, 89 young (91136K), 4 survivors (4096K)
 Metaspace       used 30245K, committed 31232K, reserved 1114112K
  class space    used 3583K, committed 4032K, reserved 1048576K
}
Event: 17.377 GC heap after
{Heap after GC invocations=25 (full 0):
 garbage-first heap   total 196608K, used 78482K [0x0000000081600000, 0x0000000100000000)
  region size 1024K, 5 young (5120K), 5 survivors (5120K)
 Metaspace       used 30245K, committed 31232K, reserved 1114112K
  class space    used 3583K, committed 4032K, reserved 1048576K
}
Event: 17.940 GC heap before
{Heap before GC invocations=25 (full 0):
 garbage-first heap   total 196608K, used 166546K [0x0000000081600000, 0x0000000100000000)
  region size 1024K, 91 young (93184K), 5 survivors (5120K)
 Metaspace       used 30268K, committed 31232K, reserved 1114112K
  class space    used 3585K, committed 4032K, reserved 1048576K
}
Event: 17.950 GC heap after
{Heap after GC invocations=26 (full 0):
 garbage-first heap   total 196608K, used 79988K [0x0000000081600000, 0x0000000100000000)
  region size 1024K, 7 young (7168K), 7 survivors (7168K)
 Metaspace       used 30268K, committed 31232K, reserved 1114112K
  class space    used 3585K, committed 4032K, reserved 1048576K
}
Event: 18.682 GC heap before
{Heap before GC invocations=26 (full 0):
 garbage-first heap   total 196608K, used 167028K [0x0000000081600000, 0x0000000100000000)
  region size 1024K, 92 young (94208K), 7 survivors (7168K)
 Metaspace       used 30608K, committed 31552K, reserved 1114112K
  class space    used 3632K, committed 4032K, reserved 1048576K
}
Event: 18.692 GC heap after
{Heap after GC invocations=27 (full 0):
 garbage-first heap   total 236544K, used 81629K [0x0000000081600000, 0x0000000100000000)
  region size 1024K, 8 young (8192K), 8 survivors (8192K)
 Metaspace       used 30608K, committed 31552K, reserved 1114112K
  class space    used 3632K, committed 4032K, reserved 1048576K
}

